# JRE version: Java(TM) SE Runtime Environment (8.0_201-b09) (build 1.8.0_201-b09)
# Java VM: Java HotSpot(TM) 64-Bit Server VM (25.201-b09 mixed mode linux-amd64 compressed oops)
Heap:
 PSYoungGen      total 1709056K, used 97306K [0x0000000740000000, 0x00000007c0000000, 0x00000007c0000000)
  eden space 1350656K, 0% used [0x0000000740000000,0x0000000740000000,0x0000000792700000)
  from space 358400K, 27% used [0x00000007aa200000,0x00000007b0106828,0x00000007c0000000)
  to   space 373248K, 0% used [0x0000000792700000,0x0000000792700000,0x00000007a9380000)
 ParOldGen       total 1351168K, used 1350717K [0x0000000640000000, 0x0000000692780000, 0x0000000740000000)
  object space 1351168K, 99% used [0x0000000640000000,0x000000069270f480,0x0000000692780000)
 Metaspace       used 79539K, capacity 88417K, committed 88576K, reserved 1126400K
  class space    used 10932K, capacity 11453K, committed 11520K, reserved 1048576K
GC Heap History (10 events):
Event: 16.054 GC heap after
Heap after GC invocations=22 (full 6):
 PSYoungGen      total 985088K, used 64958K [0x0000000740000000, 0x000000078a580000, 0x00000007c0000000)
  eden space 751616K, 0% used [0x0000000740000000,0x0000000740000000,0x000000076de00000)
  from space 233472K, 27% used [0x000000077c180000,0x00000007800efb68,0x000000078a580000)
  to   space 232960K, 0% used [0x000000076de00000,0x000000076de00000,0x000000077c180000)
 ParOldGen       total 1351168K, used 662051K [0x0000000640000000, 0x0000000692780000, 0x0000000740000000)
  object space 1351168K, 48% used [0x0000000640000000,0x0000000668688de0,0x0000000692780000)
 Metaspace       used 79373K, capacity 88277K, committed 88576K, reserved 1126400K
  class space    used 10914K, capacity 11451K, committed 11520K, reserved 1048576K
}
Event: 16.542 GC heap before
{Heap before GC invocations=23 (full 6):
 PSYoungGen      total 985088K, used 816574K [0x0000000740000000, 0x000000078a580000, 0x00000007c0000000)
  eden space 751616K, 100% used [0x0000000740000000,0x000000076de00000,0x000000076de00000)
  from space 233472K, 27% used [0x000000077c180000,0x00000007800efb68,0x000000078a580000)
  to   space 232960K, 0% used [0x000000076de00000,0x000000076de00000,0x000000077c180000)
 ParOldGen       total 1351168K, used 662051K [0x0000000640000000, 0x0000000692780000, 0x0000000740000000)
  object space 1351168K, 48% used [0x0000000640000000,0x0000000668688de0,0x0000000692780000)
 Metaspace       used 79373K, capacity 88277K, committed 88576K, reserved 1126400K
  class space    used 10914K, capacity 11451K, committed 11520K, reserved 1048576K
Event: 16.672 GC heap after
Heap after GC invocations=23 (full 6):
 PSYoungGen      total 984576K, used 99150K [0x0000000740000000, 0x000000079e200000, 0x00000007c0000000)
  eden space 751616K, 0% used [0x0000000740000000,0x0000000740000000,0x000000076de00000)
  from space 232960K, 42% used [0x000000076de00000,0x0000000773ed3928,0x000000077c180000)
  to   space 223232K, 0% used [0x0000000790800000,0x0000000790800000,0x000000079e200000)
 ParOldGen       total 1351168K, used 725071K [0x0000000640000000, 0x0000000692780000, 0x0000000740000000)
  object space 1351168K, 53% used [0x0000000640000000,0x000000066c413e20,0x0000000692780000)
 Metaspace       used 79373K, capacity 88277K, committed 88576K, reserved 1126400K
  class space    used 10914K, capacity 11451K, committed 11520K, reserved 1048576K
}
Event: 17.368 GC heap before
{Heap before GC invocations=24 (full 6):
 PSYoungGen      total 984576K, used 850766K [0x0000000740000000, 0x000000079e200000, 0x00000007c0000000)
  eden space 751616K, 100% used [0x0000000740000000,0x000000076de00000,0x000000076de00000)
  from space 232960K, 42% used [0x000000076de00000,0x0000000773ed3928,0x000000077c180000)
  to   space 223232K, 0% used [0x0000000790800000,0x0000000790800000,0x000000079e200000)
 ParOldGen       total 1351168K, used 725071K [0x0000000640000000, 0x0000000692780000, 0x0000000740000000)
  object space 1351168K, 53% used [0x0000000640000000,0x000000066c413e20,0x0000000692780000)
 Metaspace       used 79396K, capacity 88277K, committed 88576K, reserved 1126400K
  class space    used 10915K, capacity 11451K, committed 11520K, reserved 1048576K
Event: 17.879 GC heap after
Heap after GC invocations=24 (full 6):
 PSYoungGen      total 1301504K, used 170988K [0x0000000740000000, 0x00000007a1b00000, 0x00000007c0000000)
  eden space 1078272K, 0% used [0x0000000740000000,0x0000000740000000,0x0000000781d00000)
  from space 223232K, 76% used [0x0000000790800000,0x000000079aefb320,0x000000079e200000)
  to   space 240640K, 0% used [0x0000000781d00000,0x0000000781d00000,0x0000000790800000)
 ParOldGen       total 1351168K, used 822295K [0x0000000640000000, 0x0000000692780000, 0x0000000740000000)
  object space 1351168K, 60% used [0x0000000640000000,0x0000000672305e80,0x0000000692780000)
 Metaspace       used 79396K, capacity 88277K, committed 88576K, reserved 1126400K
  class space    used 10915K, capacity 11451K, committed 11520K, reserved 1048576K
}
Event: 19.079 GC heap before
{Heap before GC invocations=25 (full 6):
 PSYoungGen      total 1301504K, used 1249260K [0x0000000740000000, 0x00000007a1b00000, 0x00000007c0000000)
  eden space 1078272K, 100% used [0x0000000740000000,0x0000000781d00000,0x0000000781d00000)
  from space 223232K, 76% used [0x0000000790800000,0x000000079aefb320,0x000000079e200000)
  to   space 240640K, 0% used [0x0000000781d00000,0x0000000781d00000,0x0000000790800000)
 ParOldGen       total 1351168K, used 822295K [0x0000000640000000, 0x0000000692780000, 0x0000000740000000)
  object space 1351168K, 60% used [0x0000000640000000,0x0000000672305e80,0x0000000692780000)
 Metaspace       used 79396K, capacity 88277K, committed 88576K, reserved 1126400K
  class space    used 10915K, capacity 11451K, committed 11520K, reserved 1048576K
Event: 21.514 GC heap after
Heap after GC invocations=25 (full 6):
 PSYoungGen      total 1318912K, used 240608K [0x0000000740000000, 0x00000007c0000000, 0x00000007c0000000)
  eden space 1078272K, 0% used [0x0000000740000000,0x0000000740000000,0x0000000781d00000)
  from space 240640K, 99% used [0x0000000781d00000,0x00000007907f8010,0x0000000790800000)
  to   space 358400K, 0% used [0x00000007aa200000,0x00000007aa200000,0x00000007c0000000)
 ParOldGen       total 1351168K, used 1034340K [0x0000000640000000, 0x0000000692780000, 0x0000000740000000)
  object space 1351168K, 76% used [0x0000000640000000,0x000000067f2191d0,0x0000000692780000)
 Metaspace       used 79396K, capacity 88277K, committed 88576K, reserved 1126400K
  class space    used 10915K, capacity 11451K, committed 11520K, reserved 1048576K
}
Event: 22.598 GC heap before
{Heap before GC invocations=26 (full 6):
 PSYoungGen      total 1318912K, used 1318880K [0x0000000740000000, 0x00000007c0000000, 0x00000007c0000000)
  eden space 1078272K, 100% used [0x0000000740000000,0x0000000781d00000,0x0000000781d00000)
  from space 240640K, 99% used [0x0000000781d00000,0x00000007907f8010,0x0000000790800000)
  to   space 358400K, 0% used [0x00000007aa200000,0x00000007aa200000,0x00000007c0000000)
 ParOldGen       total 1351168K, used 1034340K [0x0000000640000000, 0x0000000692780000, 0x0000000740000000)
  object space 1351168K, 76% used [0x0000000640000000,0x000000067f2191d0,0x0000000692780000)
 Metaspace       used 79539K, capacity 88417K, committed 88576K, reserved 1126400K
  class space    used 10932K, capacity 11453K, committed 11520K, reserved 1048576K
Event: 23.238 GC heap after
Heap after GC invocations=26 (full 6):
 PSYoungGen      total 1709056K, used 231680K [0x0000000740000000, 0x00000007c0000000, 0x00000007c0000000)
  eden space 1350656K, 0% used [0x0000000740000000,0x0000000740000000,0x0000000792700000)
  from space 358400K, 64% used [0x00000007aa200000,0x00000007b8440010,0x00000007c0000000)
  to   space 373248K, 0% used [0x0000000792700000,0x0000000792700000,0x00000007a9380000)
 ParOldGen       total 1351168K, used 1275716K [0x0000000640000000, 0x0000000692780000, 0x0000000740000000)
  object space 1351168K, 94% used [0x0000000640000000,0x000000068ddd11e0,0x0000000692780000)
 Metaspace       used 79539K, capacity 88417K, committed 88576K, reserved 1126400K
  class space    used 10932K, capacity 11453K, committed 11520K, reserved 1048576K
}
Event: 23.244 GC heap before
{Heap before GC invocations=27 (full 7):
 PSYoungGen      total 1709056K, used 231680K [0x0000000740000000, 0x00000007c0000000, 0x00000007c0000000)
  eden space 1350656K, 0% used [0x0000000740000000,0x0000000740000000,0x0000000792700000)
  from space 358400K, 64% used [0x00000007aa200000,0x00000007b8440010,0x00000007c0000000)
  to   space 373248K, 0% used [0x0000000792700000,0x0000000792700000,0x00000007a9380000)
 ParOldGen       total 1351168K, used 1275716K [0x0000000640000000, 0x0000000692780000, 0x0000000740000000)
  object space 1351168K, 94% used [0x0000000640000000,0x000000068ddd11e0,0x0000000692780000)
 Metaspace       used 79539K, capacity 88417K, committed 88576K, reserved 1126400K
  class space    used 10932K, capacity 11453K, committed 11520K, reserved 1048576K

