# JRE version: Java(TM) SE Runtime Environment (8.0_201-b09) (build 1.8.0_201-b09)
# Java VM: Java HotSpot(TM) 64-Bit Server VM (25.201-b09 mixed mode linux-amd64 compressed oops)
Heap:
 PSYoungGen      total 1034240K, used 65834K [0x0000000755580000, 0x00000007c0000000, 0x00000007c0000000)
  eden space 737792K, 0% used [0x0000000755580000,0x0000000755580000,0x0000000782600000)
  from space 296448K, 22% used [0x00000007ade80000,0x00000007b1eca910,0x00000007c0000000)
  to   space 504832K, 0% used [0x0000000782600000,0x0000000782600000,0x00000007a1300000)
 ParOldGen       total 922624K, used 922305K [0x0000000680000000, 0x00000006b8500000, 0x0000000755580000)
  object space 922624K, 99% used [0x0000000680000000,0x00000006b84b0700,0x00000006b8500000)
 Metaspace       used 79369K, capacity 88277K, committed 88576K, reserved 1126400K
  class space    used 10915K, capacity 11451K, committed 11520K, reserved 1048576K
GC Heap History (10 events):
Event: 12.304 GC heap after
Heap after GC invocations=13 (full 5):
 PSYoungGen      total 841728K, used 44007K [0x0000000755580000, 0x00000007a0e80000, 0x00000007c0000000)
  eden space 797696K, 0% used [0x0000000755580000,0x0000000755580000,0x0000000786080000)
  from space 44032K, 99% used [0x000000078ef00000,0x00000007919f9fc8,0x0000000791a00000)
  to   space 145920K, 0% used [0x0000000786080000,0x0000000786080000,0x000000078ef00000)
 ParOldGen       total 922624K, used 243214K [0x0000000680000000, 0x00000006b8500000, 0x0000000755580000)
  object space 922624K, 26% used [0x0000000680000000,0x000000068ed838c8,0x00000006b8500000)
 Metaspace       used 73379K, capacity 82147K, committed 82304K, reserved 1120256K
  class space    used 10088K, capacity 10609K, committed 10624K, reserved 1048576K
}
Event: 14.178 GC heap before
{Heap before GC invocations=14 (full 5):
 PSYoungGen      total 841728K, used 841703K [0x0000000755580000, 0x00000007a0e80000, 0x00000007c0000000)
  eden space 797696K, 100% used [0x0000000755580000,0x0000000786080000,0x0000000786080000)
  from space 44032K, 99% used [0x000000078ef00000,0x00000007919f9fc8,0x0000000791a00000)
  to   space 145920K, 0% used [0x0000000786080000,0x0000000786080000,0x000000078ef00000)
 ParOldGen       total 922624K, used 243214K [0x0000000680000000, 0x00000006b8500000, 0x0000000755580000)
  object space 922624K, 26% used [0x0000000680000000,0x000000068ed838c8,0x00000006b8500000)
 Metaspace       used 79324K, capacity 88167K, committed 88320K, reserved 1126400K
  class space    used 10914K, capacity 11455K, committed 11520K, reserved 1048576K
Event: 14.379 GC heap after
Heap after GC invocations=14 (full 5):
 PSYoungGen      total 943616K, used 145888K [0x0000000755580000, 0x00000007c0000000, 0x00000007c0000000)
  eden space 797696K, 0% used [0x0000000755580000,0x0000000755580000,0x0000000786080000)
  from space 145920K, 99% used [0x0000000786080000,0x000000078eef8140,0x000000078ef00000)
  to   space 251904K, 0% used [0x00000007b0a00000,0x00000007b0a00000,0x00000007c0000000)
 ParOldGen       total 922624K, used 432465K [0x0000000680000000, 0x00000006b8500000, 0x0000000755580000)
  object space 922624K, 46% used [0x0000000680000000,0x000000069a6544a0,0x00000006b8500000)
 Metaspace       used 79324K, capacity 88167K, committed 88320K, reserved 1126400K
  class space    used 10914K, capacity 11455K, committed 11520K, reserved 1048576K
}
Event: 14.968 GC heap before
{Heap before GC invocations=15 (full 5):
 PSYoungGen      total 943616K, used 943584K [0x0000000755580000, 0x00000007c0000000, 0x00000007c0000000)
  eden space 797696K, 100% used [0x0000000755580000,0x0000000786080000,0x0000000786080000)
  from space 145920K, 99% used [0x0000000786080000,0x000000078eef8140,0x000000078ef00000)
  to   space 251904K, 0% used [0x00000007b0a00000,0x00000007b0a00000,0x00000007c0000000)
 ParOldGen       total 922624K, used 432465K [0x0000000680000000, 0x00000006b8500000, 0x0000000755580000)
  object space 922624K, 46% used [0x0000000680000000,0x000000069a6544a0,0x00000006b8500000)
 Metaspace       used 79347K, capacity 88231K, committed 88576K, reserved 1126400K
  class space    used 10916K, capacity 11455K, committed 11520K, reserved 1048576K
Event: 15.090 GC heap after
Heap after GC invocations=15 (full 5):
 PSYoungGen      total 1406464K, used 243362K [0x0000000755580000, 0x00000007c0000000, 0x00000007c0000000)
  eden space 1154560K, 0% used [0x0000000755580000,0x0000000755580000,0x000000079bd00000)
  from space 251904K, 96% used [0x00000007b0a00000,0x00000007bf7a8808,0x00000007c0000000)
  to   space 296448K, 0% used [0x000000079bd00000,0x000000079bd00000,0x00000007ade80000)
 ParOldGen       total 922624K, used 432488K [0x0000000680000000, 0x00000006b8500000, 0x0000000755580000)
  object space 922624K, 46% used [0x0000000680000000,0x000000069a65a100,0x00000006b8500000)
 Metaspace       used 79347K, capacity 88231K, committed 88576K, reserved 1126400K
  class space    used 10916K, capacity 11455K, committed 11520K, reserved 1048576K
}
Event: 15.933 GC heap before
{Heap before GC invocations=16 (full 5):
 PSYoungGen      total 1406464K, used 1397922K [0x0000000755580000, 0x00000007c0000000, 0x00000007c0000000)
  eden space 1154560K, 100% used [0x0000000755580000,0x000000079bd00000,0x000000079bd00000)
  from space 251904K, 96% used [0x00000007b0a00000,0x00000007bf7a8808,0x00000007c0000000)
  to   space 296448K, 0% used [0x000000079bd00000,0x000000079bd00000,0x00000007ade80000)
 ParOldGen       total 922624K, used 432488K [0x0000000680000000, 0x00000006b8500000, 0x0000000755580000)
  object space 922624K, 46% used [0x0000000680000000,0x000000069a65a100,0x00000006b8500000)
 Metaspace       used 79349K, capacity 88231K, committed 88576K, reserved 1126400K
  class space    used 10916K, capacity 11455K, committed 11520K, reserved 1048576K
Event: 16.155 GC heap after
Heap after GC invocations=16 (full 5):
 PSYoungGen      total 1451008K, used 296437K [0x0000000755580000, 0x00000007c0000000, 0x00000007c0000000)
  eden space 1154560K, 0% used [0x0000000755580000,0x0000000755580000,0x000000079bd00000)
  from space 296448K, 99% used [0x000000079bd00000,0x00000007ade7d658,0x00000007ade80000)
  to   space 296448K, 0% used [0x00000007ade80000,0x00000007ade80000,0x00000007c0000000)
 ParOldGen       total 922624K, used 519047K [0x0000000680000000, 0x00000006b8500000, 0x0000000755580000)
  object space 922624K, 56% used [0x0000000680000000,0x000000069fae1c20,0x00000006b8500000)
 Metaspace       used 79349K, capacity 88231K, committed 88576K, reserved 1126400K
  class space    used 10916K, capacity 11455K, committed 11520K, reserved 1048576K
}
Event: 17.142 GC heap before
{Heap before GC invocations=17 (full 5):
 PSYoungGen      total 1451008K, used 1450997K [0x0000000755580000, 0x00000007c0000000, 0x00000007c0000000)
  eden space 1154560K, 100% used [0x0000000755580000,0x000000079bd00000,0x000000079bd00000)
  from space 296448K, 99% used [0x000000079bd00000,0x00000007ade7d658,0x00000007ade80000)
  to   space 296448K, 0% used [0x00000007ade80000,0x00000007ade80000,0x00000007c0000000)
 ParOldGen       total 922624K, used 519047K [0x0000000680000000, 0x00000006b8500000, 0x0000000755580000)
  object space 922624K, 56% used [0x0000000680000000,0x000000069fae1c20,0x00000006b8500000)
 Metaspace       used 79377K, capacity 88295K, committed 88576K, reserved 1126400K
  class space    used 10918K, capacity 11455K, committed 11520K, reserved 1048576K
Event: 17.445 GC heap after
Heap after GC invocations=17 (full 5):
 PSYoungGen      total 1034240K, used 296428K [0x0000000755580000, 0x00000007c0000000, 0x00000007c0000000)
  eden space 737792K, 0% used [0x0000000755580000,0x0000000755580000,0x0000000782600000)
  from space 296448K, 99% used [0x00000007ade80000,0x00000007bfffb330,0x00000007c0000000)
  to   space 504832K, 0% used [0x0000000782600000,0x0000000782600000,0x00000007a1300000)
 ParOldGen       total 922624K, used 743821K [0x0000000680000000, 0x00000006b8500000, 0x0000000755580000)
  object space 922624K, 80% used [0x0000000680000000,0x00000006ad663688,0x00000006b8500000)
 Metaspace       used 79377K, capacity 88295K, committed 88576K, reserved 1126400K
  class space    used 10918K, capacity 11455K, committed 11520K, reserved 1048576K
}
Event: 17.445 GC heap before
{Heap before GC invocations=18 (full 6):
 PSYoungGen      total 1034240K, used 296428K [0x0000000755580000, 0x00000007c0000000, 0x00000007c0000000)
  eden space 737792K, 0% used [0x0000000755580000,0x0000000755580000,0x0000000782600000)
  from space 296448K, 99% used [0x00000007ade80000,0x00000007bfffb330,0x00000007c0000000)
  to   space 504832K, 0% used [0x0000000782600000,0x0000000782600000,0x00000007a1300000)
 ParOldGen       total 922624K, used 743821K [0x0000000680000000, 0x00000006b8500000, 0x0000000755580000)
  object space 922624K, 80% used [0x0000000680000000,0x00000006ad663688,0x00000006b8500000)
 Metaspace       used 79377K, capacity 88295K, committed 88576K, reserved 1126400K
  class space    used 10918K, capacity 11455K, committed 11520K, reserved 1048576K

