# JRE version: Java(TM) SE Runtime Environment (8.0_201-b09) (build 1.8.0_201-b09)
# Java VM: Java HotSpot(TM) 64-Bit Server VM (25.201-b09 mixed mode linux-amd64 compressed oops)
Heap:
 PSYoungGen      total 1065984K, used 185839K [0x000000076ab00000, 0x00000007c0000000, 0x00000007c0000000)
  eden space 761344K, 0% used [0x000000076ab00000,0x000000076ab00000,0x0000000799280000)
  from space 304640K, 61% used [0x0000000799280000,0x00000007a47fbec0,0x00000007abc00000)
  to   space 331776K, 0% used [0x00000007abc00000,0x00000007abc00000,0x00000007c0000000)
 ParOldGen       total 2273280K, used 2273267K [0x00000006c0000000, 0x000000074ac00000, 0x000000076ab00000)
  object space 2273280K, 99% used [0x00000006c0000000,0x000000074abfceb0,0x000000074ac00000)
 Metaspace       used 80733K, capacity 89705K, committed 89728K, reserved 1128448K
  class space    used 11057K, capacity 11641K, committed 11648K, reserved 1048576K
GC Heap History (10 events):
Event: 20.577 GC heap after
Heap after GC invocations=22 (full 5):
 PSYoungGen      total 1017344K, used 59104K [0x000000076ab00000, 0x00000007c0000000, 0x00000007c0000000)
  eden space 685056K, 0% used [0x000000076ab00000,0x000000076ab00000,0x0000000794800000)
  from space 332288K, 17% used [0x0000000794800000,0x00000007981b8010,0x00000007a8c80000)
  to   space 329216K, 0% used [0x00000007abe80000,0x00000007abe80000,0x00000007c0000000)
 ParOldGen       total 2273280K, used 1505512K [0x00000006c0000000, 0x000000074ac00000, 0x000000076ab00000)
  object space 2273280K, 66% used [0x00000006c0000000,0x000000071be3a250,0x000000074ac00000)
 Metaspace       used 79461K, capacity 88307K, committed 88576K, reserved 1126400K
  class space    used 10935K, capacity 11457K, committed 11520K, reserved 1048576K
}
Event: 21.063 GC heap before
{Heap before GC invocations=23 (full 5):
 PSYoungGen      total 1017344K, used 744160K [0x000000076ab00000, 0x00000007c0000000, 0x00000007c0000000)
  eden space 685056K, 100% used [0x000000076ab00000,0x0000000794800000,0x0000000794800000)
  from space 332288K, 17% used [0x0000000794800000,0x00000007981b8010,0x00000007a8c80000)
  to   space 329216K, 0% used [0x00000007abe80000,0x00000007abe80000,0x00000007c0000000)
 ParOldGen       total 2273280K, used 1505512K [0x00000006c0000000, 0x000000074ac00000, 0x000000076ab00000)
  object space 2273280K, 66% used [0x00000006c0000000,0x000000071be3a250,0x000000074ac00000)
 Metaspace       used 79463K, capacity 88307K, committed 88576K, reserved 1126400K
  class space    used 10935K, capacity 11457K, committed 11520K, reserved 1048576K
Event: 21.190 GC heap after
Heap after GC invocations=23 (full 5):
 PSYoungGen      total 1050112K, used 61216K [0x000000076ab00000, 0x00000007bf100000, 0x00000007c0000000)
  eden space 736256K, 0% used [0x000000076ab00000,0x000000076ab00000,0x0000000797a00000)
  from space 313856K, 19% used [0x00000007abe80000,0x00000007afa48010,0x00000007bf100000)
  to   space 323072K, 0% used [0x0000000797a00000,0x0000000797a00000,0x00000007ab580000)
 ParOldGen       total 2273280K, used 1562664K [0x00000006c0000000, 0x000000074ac00000, 0x000000076ab00000)
  object space 2273280K, 68% used [0x00000006c0000000,0x000000071f60a250,0x000000074ac00000)
 Metaspace       used 79463K, capacity 88307K, committed 88576K, reserved 1126400K
  class space    used 10935K, capacity 11457K, committed 11520K, reserved 1048576K
}
Event: 23.368 GC heap before
{Heap before GC invocations=24 (full 5):
 PSYoungGen      total 1050112K, used 797472K [0x000000076ab00000, 0x00000007bf100000, 0x00000007c0000000)
  eden space 736256K, 100% used [0x000000076ab00000,0x0000000797a00000,0x0000000797a00000)
  from space 313856K, 19% used [0x00000007abe80000,0x00000007afa48010,0x00000007bf100000)
  to   space 323072K, 0% used [0x0000000797a00000,0x0000000797a00000,0x00000007ab580000)
 ParOldGen       total 2273280K, used 1562664K [0x00000006c0000000, 0x000000074ac00000, 0x000000076ab00000)
  object space 2273280K, 68% used [0x00000006c0000000,0x000000071f60a250,0x000000074ac00000)
 Metaspace       used 80716K, capacity 89723K, committed 89728K, reserved 1128448K
  class space    used 11057K, capacity 11645K, committed 11648K, reserved 1048576K
Event: 23.508 GC heap after
Heap after GC invocations=24 (full 5):
 PSYoungGen      total 1059328K, used 77891K [0x000000076ab00000, 0x00000007bf600000, 0x00000007c0000000)
  eden space 736256K, 0% used [0x000000076ab00000,0x000000076ab00000,0x0000000797a00000)
  from space 323072K, 24% used [0x0000000797a00000,0x000000079c610c98,0x00000007ab580000)
  to   space 313344K, 0% used [0x00000007ac400000,0x00000007ac400000,0x00000007bf600000)
 ParOldGen       total 2273280K, used 1623960K [0x00000006c0000000, 0x000000074ac00000, 0x000000076ab00000)
  object space 2273280K, 71% used [0x00000006c0000000,0x00000007231e6260,0x000000074ac00000)
 Metaspace       used 80716K, capacity 89723K, committed 89728K, reserved 1128448K
  class space    used 11057K, capacity 11645K, committed 11648K, reserved 1048576K
}
Event: 24.045 GC heap before
{Heap before GC invocations=25 (full 5):
 PSYoungGen      total 1059328K, used 814147K [0x000000076ab00000, 0x00000007bf600000, 0x00000007c0000000)
  eden space 736256K, 100% used [0x000000076ab00000,0x0000000797a00000,0x0000000797a00000)
  from space 323072K, 24% used [0x0000000797a00000,0x000000079c610c98,0x00000007ab580000)
  to   space 313344K, 0% used [0x00000007ac400000,0x00000007ac400000,0x00000007bf600000)
 ParOldGen       total 2273280K, used 1623960K [0x00000006c0000000, 0x000000074ac00000, 0x000000076ab00000)
  object space 2273280K, 71% used [0x00000006c0000000,0x00000007231e6260,0x000000074ac00000)
 Metaspace       used 80737K, capacity 89723K, committed 89728K, reserved 1128448K
  class space    used 11059K, capacity 11645K, committed 11648K, reserved 1048576K
Event: 24.115 GC heap after
Heap after GC invocations=25 (full 5):
 PSYoungGen      total 1057792K, used 65419K [0x000000076ab00000, 0x00000007be580000, 0x00000007c0000000)
  eden space 761344K, 0% used [0x000000076ab00000,0x000000076ab00000,0x0000000799280000)
  from space 296448K, 22% used [0x00000007ac400000,0x00000007b03e2ce8,0x00000007be580000)
  to   space 304640K, 0% used [0x0000000799280000,0x0000000799280000,0x00000007abc00000)
 ParOldGen       total 2273280K, used 1701349K [0x00000006c0000000, 0x000000074ac00000, 0x000000076ab00000)
  object space 2273280K, 74% used [0x00000006c0000000,0x0000000727d79668,0x000000074ac00000)
 Metaspace       used 80737K, capacity 89723K, committed 89728K, reserved 1128448K
  class space    used 11059K, capacity 11645K, committed 11648K, reserved 1048576K
}
Event: 24.199 GC heap before
{Heap before GC invocations=26 (full 5):
 PSYoungGen      total 1057792K, used 826763K [0x000000076ab00000, 0x00000007be580000, 0x00000007c0000000)
  eden space 761344K, 100% used [0x000000076ab00000,0x0000000799280000,0x0000000799280000)
  from space 296448K, 22% used [0x00000007ac400000,0x00000007b03e2ce8,0x00000007be580000)
  to   space 304640K, 0% used [0x0000000799280000,0x0000000799280000,0x00000007abc00000)
 ParOldGen       total 2273280K, used 1701349K [0x00000006c0000000, 0x000000074ac00000, 0x000000076ab00000)
  object space 2273280K, 74% used [0x00000006c0000000,0x0000000727d79668,0x000000074ac00000)
 Metaspace       used 80741K, capacity 89723K, committed 89728K, reserved 1128448K
  class space    used 11059K, capacity 11645K, committed 11648K, reserved 1048576K
Event: 25.597 GC heap after
Heap after GC invocations=26 (full 5):
 PSYoungGen      total 1065984K, used 304612K [0x000000076ab00000, 0x00000007c0000000, 0x00000007c0000000)
  eden space 761344K, 0% used [0x000000076ab00000,0x000000076ab00000,0x0000000799280000)
  from space 304640K, 99% used [0x0000000799280000,0x00000007abbf9150,0x00000007abc00000)
  to   space 331776K, 0% used [0x00000007abc00000,0x00000007abc00000,0x00000007c0000000)
 ParOldGen       total 2273280K, used 2229054K [0x00000006c0000000, 0x000000074ac00000, 0x000000076ab00000)
  object space 2273280K, 98% used [0x00000006c0000000,0x00000007480cf830,0x000000074ac00000)
 Metaspace       used 80741K, capacity 89723K, committed 89728K, reserved 1128448K
  class space    used 11059K, capacity 11645K, committed 11648K, reserved 1048576K
}
Event: 25.729 GC heap before
{Heap before GC invocations=27 (full 6):
 PSYoungGen      total 1065984K, used 304612K [0x000000076ab00000, 0x00000007c0000000, 0x00000007c0000000)
  eden space 761344K, 0% used [0x000000076ab00000,0x000000076ab00000,0x0000000799280000)
  from space 304640K, 99% used [0x0000000799280000,0x00000007abbf9150,0x00000007abc00000)
  to   space 331776K, 0% used [0x00000007abc00000,0x00000007abc00000,0x00000007c0000000)
 ParOldGen       total 2273280K, used 2229054K [0x00000006c0000000, 0x000000074ac00000, 0x000000076ab00000)
  object space 2273280K, 98% used [0x00000006c0000000,0x00000007480cf830,0x000000074ac00000)
 Metaspace       used 80741K, capacity 89723K, committed 89728K, reserved 1128448K
  class space    used 11059K, capacity 11645K, committed 11648K, reserved 1048576K

